<?xml version="1.0" encoding="UTF-8"?>
<!-- Generated by org.testng.reporters.JUnitXMLReporter -->
<testsuite ignored="3" hostname="EN911705" failures="0" tests="5" name="TestGroups" time="0.049" errors="0" timestamp="2022-05-31T22:47:32 COT">
  <testcase classname="TestNG.Annotations.GroupClass2" name="testG44" time="0.003"/>
  <testcase classname="TestNG.Annotations.GroupClass2" name="testG11" time="0.0"/>
  <testcase classname="TestNG.Annotations.GroupClass2" name="testG22" time="0.0"/>
  <testcase classname="TestNG.Annotations.GroupClass1" name="testG1" time="0.001"/>
  <testcase classname="TestNG.Annotations.GroupClass1" name="testG2" time="0.001"/>
  <testcase classname="TestNG.Annotations.GroupClass2" name="testG33" time="0.0">
    <ignored/>
  </testcase> <!-- testG33 -->
  <testcase classname="TestNG.Annotations.GroupClass1" name="testG4" time="0.0">
    <ignored/>
  </testcase> <!-- testG4 -->
  <testcase classname="TestNG.Annotations.GroupClass1" name="testG3" time="0.0">
    <ignored/>
  </testcase> <!-- testG3 -->
</testsuite> <!-- TestGroups -->
