<?xml version="1.0" encoding="UTF-8"?>
<!-- Generated by org.testng.reporters.JUnitXMLReporter -->
<testsuite ignored="0" hostname="EN911705" failures="0" tests="5" name="Default test" time="0.065" errors="0" timestamp="2022-06-02T20:38:35 COT">
  <testcase classname="TestNG.DayTest.DataProviderTest" name="dataProviderTest1" time="0.02"/>
  <testcase classname="TestNG.DayTest.DataProviderTest" name="dataProviderTest2" time="0.001"/>
  <testcase classname="TestNG.DayTest.DataProviderTest" name="dataProviderTest2" time="0.002"/>
  <testcase classname="TestNG.DayTest.DataProviderTest" name="dataProviderTest2" time="0.001"/>
  <testcase classname="TestNG.DayTest.DataProviderTest" name="dataProviderTest2" time="0.0"/>
</testsuite> <!-- Default test -->
