<?xml version="1.0" encoding="UTF-8"?>
<!-- Generated by org.testng.reporters.JUnitXMLReporter -->
<testsuite ignored="3" hostname="EN911705" failures="0" tests="1" name="Default test" time="12.468" errors="0" timestamp="2022-05-25T22:56:26 COT">
  <testcase classname="JavaStreams.StreamsSelenium" name="filteringStream" time="0.877"/>
  <testcase classname="JavaStreams.StreamsSelenium" name="getPriceStream" time="0.0">
    <ignored/>
  </testcase> <!-- getPriceStream -->
  <testcase classname="JavaStreams.StreamsSelenium" name="paginationStream" time="0.0">
    <ignored/>
  </testcase> <!-- paginationStream -->
  <testcase classname="JavaStreams.StreamsSelenium" name="addToCartArray" time="0.0">
    <ignored/>
  </testcase> <!-- addToCartArray -->
</testsuite> <!-- Default test -->
