<?xml version="1.0" encoding="UTF-8"?>
<!-- Generated by org.testng.reporters.JUnitXMLReporter -->
<testsuite ignored="0" hostname="EN911705" failures="0" tests="5" name="DataProvider" time="0.033" errors="0" timestamp="2022-06-01T11:35:35 COT">
  <testcase classname="TestNG.DayTest.DataProviderTest" name="dataProviderTest1" time="0.007"/>
  <testcase classname="TestNG.DayTest.DataProviderTest" name="dataProviderTest2" time="0.001"/>
  <testcase classname="TestNG.DayTest.DataProviderTest" name="dataProviderTest2" time="0.0"/>
  <testcase classname="TestNG.DayTest.DataProviderTest" name="dataProviderTest2" time="0.0"/>
  <testcase classname="TestNG.DayTest.DataProviderTest" name="dataProviderTest2" time="0.0"/>
</testsuite> <!-- DataProvider -->
