<?xml version="1.0" encoding="UTF-8"?>
<testng-results ignored="3" total="4" passed="1" failed="0" skipped="0">
  <reporter-output>
  </reporter-output>
  <suite started-at="2022-05-25T22:56:14 COT" name="Default suite" finished-at="2022-05-25T22:56:26 COT" duration-ms="12468">
    <groups>
    </groups>
    <test started-at="2022-05-25T22:56:14 COT" name="Default test" finished-at="2022-05-25T22:56:26 COT" duration-ms="12468">
      <class name="JavaStreams.StreamsSelenium">
        <test-method is-config="true" signature="setUpDriver()[pri:0, instance:JavaStreams.StreamsSelenium@58695725]" started-at="2022-05-25T22:56:14 COT" name="setUpDriver" finished-at="2022-05-25T22:56:25 COT" duration-ms="11556" status="PASS">
          <reporter-output>
          </reporter-output>
        </test-method> <!-- setUpDriver -->
        <test-method signature="filteringStream()[pri:0, instance:JavaStreams.StreamsSelenium@58695725]" started-at="2022-05-25T22:56:25 COT" name="filteringStream" finished-at="2022-05-25T22:56:26 COT" duration-ms="877" status="PASS">
          <reporter-output>
          </reporter-output>
        </test-method> <!-- filteringStream -->
      </class> <!-- JavaStreams.StreamsSelenium -->
    </test> <!-- Default test -->
  </suite> <!-- Default suite -->
</testng-results>
