<?xml version="1.0" encoding="UTF-8"?>
<testng-results ignored="0" total="5" passed="5" failed="0" skipped="0">
  <reporter-output>
  </reporter-output>
  <suite started-at="2022-06-02T20:38:35 COT" name="Default suite" finished-at="2022-06-02T20:38:35 COT" duration-ms="65">
    <groups>
    </groups>
    <test started-at="2022-06-02T20:38:35 COT" name="Default test" finished-at="2022-06-02T20:38:35 COT" duration-ms="65">
      <class name="TestNG.DayTest.DataProviderTest">
        <test-method signature="dataProviderTest1()[pri:0, instance:TestNG.DayTest.DataProviderTest@429bffaa]" started-at="2022-06-02T20:38:35 COT" name="dataProviderTest1" finished-at="2022-06-02T20:38:35 COT" duration-ms="20" status="PASS">
          <reporter-output>
          </reporter-output>
        </test-method> <!-- dataProviderTest1 -->
        <test-method signature="dataProviderTest2(java.lang.String,int)[pri:0, instance:TestNG.DayTest.DataProviderTest@429bffaa]" started-at="2022-06-02T20:38:35 COT" name="dataProviderTest2" data-provider="data" finished-at="2022-06-02T20:38:35 COT" duration-ms="1" status="PASS">
          <params>
            <param index="0">
              <value>
                <![CDATA[test1]]>
              </value>
            </param>
            <param index="1">
              <value>
                <![CDATA[1]]>
              </value>
            </param>
          </params>
          <reporter-output>
          </reporter-output>
        </test-method> <!-- dataProviderTest2 -->
        <test-method signature="dataProviderTest2(java.lang.String,int)[pri:0, instance:TestNG.DayTest.DataProviderTest@429bffaa]" started-at="2022-06-02T20:38:35 COT" name="dataProviderTest2" data-provider="data" finished-at="2022-06-02T20:38:35 COT" duration-ms="2" status="PASS">
          <params>
            <param index="0">
              <value>
                <![CDATA[test2]]>
              </value>
            </param>
            <param index="1">
              <value>
                <![CDATA[2]]>
              </value>
            </param>
          </params>
          <reporter-output>
          </reporter-output>
        </test-method> <!-- dataProviderTest2 -->
        <test-method signature="dataProviderTest2(java.lang.String,int)[pri:0, instance:TestNG.DayTest.DataProviderTest@429bffaa]" started-at="2022-06-02T20:38:35 COT" name="dataProviderTest2" data-provider="data" finished-at="2022-06-02T20:38:35 COT" duration-ms="1" status="PASS">
          <params>
            <param index="0">
              <value>
                <![CDATA[test3]]>
              </value>
            </param>
            <param index="1">
              <value>
                <![CDATA[3]]>
              </value>
            </param>
          </params>
          <reporter-output>
          </reporter-output>
        </test-method> <!-- dataProviderTest2 -->
        <test-method signature="dataProviderTest2(java.lang.String,int)[pri:0, instance:TestNG.DayTest.DataProviderTest@429bffaa]" started-at="2022-06-02T20:38:35 COT" name="dataProviderTest2" data-provider="data" finished-at="2022-06-02T20:38:35 COT" duration-ms="0" status="PASS">
          <params>
            <param index="0">
              <value>
                <![CDATA[test4]]>
              </value>
            </param>
            <param index="1">
              <value>
                <![CDATA[4]]>
              </value>
            </param>
          </params>
          <reporter-output>
          </reporter-output>
        </test-method> <!-- dataProviderTest2 -->
      </class> <!-- TestNG.DayTest.DataProviderTest -->
    </test> <!-- Default test -->
  </suite> <!-- Default suite -->
</testng-results>
