<?xml version="1.0" encoding="UTF-8"?>
<!-- Generated by org.testng.reporters.JUnitXMLReporter -->
<testsuite ignored="0" hostname="EN911705" failures="1" tests="3" name="TestListener" time="0.031" errors="0" timestamp="2022-06-01T22:00:27 COT">
  <testcase classname="TestNG.Listeners.ListenersTest" name="test1" time="0.005"/>
  <testcase classname="TestNG.Listeners.ListenersTest" name="test2" time="0.001">
    <failure type="java.lang.AssertionError" message="expected [true] but found [false]">
      <![CDATA[java.lang.AssertionError: expected [true] but found [false]
at TestNG.Listeners.ListenersTest.test2(ListenersTest.java:15)
at java.base/java.util.ArrayList.forEach(ArrayList.java:1511)
... Removed 31 stack frames]]>
    </failure>
  </testcase> <!-- test2 -->
  <testcase classname="TestNG.Listeners.ListenersTest" name="test3" time="0.001"/>
</testsuite> <!-- TestListener -->
